[GIN-debug] [WARNING] Running in "debug" mode. Switch to "release" mode in production.
 - using env:	export GIN_MODE=release
 - using code:	gin.SetMode(gin.ReleaseMode)

[GIN-debug] GET    /css/*filepath            --> github.com/gin-gonic/gin.(*RouterGroup).createStaticHandler.func1 (1 handlers)
[GIN-debug] HEAD   /css/*filepath            --> github.com/gin-gonic/gin.(*RouterGroup).createStaticHandler.func1 (1 handlers)
[GIN-debug] Loaded HTML Templates (4): 
	- 
	- footer.html
	- header.html
	- index.html

[GIN-debug] GET    /api/videos               --> main.main.func1 (5 handlers)
[GIN-debug] POST   /api/videos               --> main.main.func2 (5 handlers)
[GIN-debug] GET    /view/videos              --> github.com/someday-94/react-go-mongo-demo/controller.VideoController.ShowAll-fm (4 handlers)
[GIN-debug] [WARNING] You trusted all proxies, this is NOT safe. We recommend you to set a value.
Please check https://pkg.go.dev/github.com/gin-gonic/gin#readme-don-t-trust-all-proxies for details.
[GIN-debug] Listening and serving HTTP on :8080
::1 - [21 May 22 09:56 KST] POST /api/videos 200 15.27ms 
::1 - [21 May 22 09:56 KST] POST /api/videos 200 9.0003ms 
::1 - [21 May 22 09:56 KST] POST /api/videos 200 8.8879ms 
::1 - [21 May 22 09:56 KST] POST /api/videos 200 8.0111ms 
::1 - [21 May 22 09:56 KST] POST /api/videos 200 8.7507ms 
::1 - [21 May 22 09:56 KST] POST /api/videos 200 9.4012ms 
::1 - [21 May 22 09:56 KST] POST /api/videos 200 8.3788ms 
::1 - [21 May 22 09:56 KST] POST /api/videos 200 8.5643ms 
::1 - [21 May 22 09:56 KST] POST /api/videos 200 9.7782ms 
::1 - [21 May 22 09:56 KST] GET /view/videos 200 7.5119ms 
::1 - [21 May 22 09:56 KST] GET /favicon.ico 404 5.421ms 
